#
# There is insufficient memory for the Java Runtime Environment to continue.
# Native memory allocation (malloc) failed to allocate 1048576 bytes for AllocateHeap
# Possible reasons:
#   The system is out of physical RAM or swap space
#   The process is running with CompressedOops enabled, and the Java Heap may be blocking the growth of the native heap
# Possible solutions:
#   Reduce memory load on the system
#   Increase physical memory or swap space
#   Check if swap backing store is full
#   Decrease Java heap size (-Xmx/-Xms)
#   Decrease number of Java threads
#   Decrease Java thread stack sizes (-Xss)
#   Set larger code cache with -XX:ReservedCodeCacheSize=
#   JVM is running with Zero Based Compressed Oops mode in which the Java heap is
#     placed in the first 32GB address space. The Java Heap base address is the
#     maximum limit for the native heap growth. Please use -XX:HeapBaseMinAddress
#     to set the Java Heap base and to place the Java Heap above 32GB virtual address.
# This output file may be truncated or incomplete.
#
#  Out of Memory Error (allocation.cpp:44), pid=8396, tid=24388
#
# JRE version:  (17.0.10+1) (build )
# Java VM: OpenJDK 64-Bit Server VM (17.0.10+1-b1087.17, mixed mode, sharing, tiered, compressed oops, compressed class ptrs, g1 gc, windows-amd64)
# No core dump will be written. Minidumps are not enabled by default on client versions of Windows
#

---------------  S U M M A R Y ------------

Command Line: git4idea.http.GitAskPassApp Username for 'https://github.com': 

Host: Intel(R) Core(TM) i5-10210U CPU @ 1.60GHz, 8 cores, 15G,  Windows 11 , 64 bit Build 22621 (10.0.22621.3235)
Time: Tue May  7 13:32:01 2024 SE Asia Standard Time elapsed time: 0.119383 seconds (0d 0h 0m 0s)

---------------  T H R E A D  ---------------

Current thread (0x0000016ad7fdd9b0):  JavaThread "Unknown thread" [_thread_in_vm, id=24388, stack(0x0000000cad000000,0x0000000cad100000)]

Stack: [0x0000000cad000000,0x0000000cad100000]
Native frames: (J=compiled Java code, j=interpreted, Vv=VM code, C=native code)
V  [jvm.dll+0x688ac9]
V  [jvm.dll+0x84220a]
V  [jvm.dll+0x843e4e]
V  [jvm.dll+0x8444b3]
V  [jvm.dll+0x24ba8f]
V  [jvm.dll+0xa6ca3]
V  [jvm.dll+0x2eb867]
V  [jvm.dll+0x2e34fb]
V  [jvm.dll+0x812d71]
V  [jvm.dll+0x3718e1]
V  [jvm.dll+0x7f18d6]
V  [jvm.dll+0x3f553f]
V  [jvm.dll+0x3f7171]
C  [jli.dll+0x528f]
C  [ucrtbase.dll+0x29363]
C  [KERNEL32.DLL+0x1257d]
C  [ntdll.dll+0x5aa58]


---------------  P R O C E S S  ---------------

Threads class SMR info:
_java_thread_list=0x00007ffff735ef58, length=0, elements={
}

Java Threads: ( => current thread )

Other Threads:
  0x0000016ad8048350 GCTaskThread "GC Thread#0" [stack: 0x0000000cad100000,0x0000000cad200000] [id=24488]

[error occurred during error reporting (printing all threads), id 0xc0000005, EXCEPTION_ACCESS_VIOLATION (0xc0000005) at pc=0x00007ffff6b107b0]

VM state: not at safepoint (not fully initialized)

VM Mutex/Monitor currently owned by a thread:  ([mutex/lock_event])
[0x0000016ad7fd8400] Heap_lock - owner thread: 0x0000016ad7fdd9b0

Heap address: 0x0000000702600000, size: 4058 MB, Compressed Oops mode: Zero based, Oop shift amount: 3

CDS archive(s) mapped at: [0x0000000000000000-0x0000000000000000-0x0000000000000000), size 0, SharedBaseAddress: 0x0000000800000000, ArchiveRelocationMode: 1.
Narrow klass base: 0x0000000000000000, Narrow klass shift: 0, Narrow klass range: 0x0

GC Precious Log:
<Empty>

Heap:
 garbage-first heap   total 0K, used 0K [0x0000000702600000, 0x0000000800000000)
  region size 2048K, 0 young (0K), 0 survivors (0K)
 Metaspace       used 0K, committed 0K, reserved 0K
  class space    used 0K, committed 0K, reserved 0K

Heap Regions: E=young(eden), S=young(survivor), O=old, HS=humongous(starts), HC=humongous(continues), CS=collection set, F=free, OA=open archive, CA=closed archive, TAMS=top-at-mark-start (previous, next)

Card table byte_map: [0x0000016aed1a0000,0x0000016aed990000] _byte_map_base: 0x0000016ae998d000

GC Heap History (0 events):
No events

Dll operation events (1 events):
Event: 0.114 Loaded shared library C:\Program Files\JetBrains\IntelliJ IDEA 2023.3.4\jbr\bin\java.dll

Deoptimization events (0 events):
No events

Classes unloaded (0 events):
No events

Classes redefined (0 events):
No events

Internal exceptions (0 events):
No events

VM Operations (0 events):
No events

Events (0 events):
No events


Dynamic libraries:
0x00007ff7fa7b0000 - 0x00007ff7fa7ba000 	C:\Program Files\JetBrains\IntelliJ IDEA 2023.3.4\jbr\bin\java.exe
0x00007ff890d70000 - 0x00007ff890f86000 	C:\WINDOWS\SYSTEM32\ntdll.dll
0x00007ff890790000 - 0x00007ff890854000 	C:\WINDOWS\System32\KERNEL32.DLL
0x00007ff88e710000 - 0x00007ff88eab6000 	C:\WINDOWS\System32\KERNELBASE.dll
0x00007ff88e130000 - 0x00007ff88e241000 	C:\WINDOWS\System32\ucrtbase.dll
0x00007ffffc4a0000 - 0x00007ffffc4b7000 	C:\Program Files\JetBrains\IntelliJ IDEA 2023.3.4\jbr\bin\jli.dll
0x00007ff88f890000 - 0x00007ff88fa3d000 	C:\WINDOWS\System32\USER32.dll
0x00007ff88e250000 - 0x00007ff88e276000 	C:\WINDOWS\System32\win32u.dll
0x00007ff890860000 - 0x00007ff890889000 	C:\WINDOWS\System32\GDI32.dll
0x00007ff88e5f0000 - 0x00007ff88e708000 	C:\WINDOWS\System32\gdi32full.dll
0x00007ff88e3f0000 - 0x00007ff88e48a000 	C:\WINDOWS\System32\msvcp_win.dll
0x00007ff87dcc0000 - 0x00007ff87dcdb000 	C:\Program Files\JetBrains\IntelliJ IDEA 2023.3.4\jbr\bin\VCRUNTIME140.dll
0x00007ff863b00000 - 0x00007ff863d93000 	C:\WINDOWS\WinSxS\amd64_microsoft.windows.common-controls_6595b64144ccf1df_6.0.22621.3235_none_270f74e173860f98\COMCTL32.dll
0x00007ff88fa50000 - 0x00007ff88faf7000 	C:\WINDOWS\System32\msvcrt.dll
0x00007ff890be0000 - 0x00007ff890c11000 	C:\WINDOWS\System32\IMM32.DLL
0x00007ff886fa0000 - 0x00007ff886fac000 	C:\Program Files\JetBrains\IntelliJ IDEA 2023.3.4\jbr\bin\vcruntime140_1.dll
0x00007ff877f30000 - 0x00007ff877fbd000 	C:\Program Files\JetBrains\IntelliJ IDEA 2023.3.4\jbr\bin\msvcp140.dll
0x00007ffff6820000 - 0x00007ffff74a3000 	C:\Program Files\JetBrains\IntelliJ IDEA 2023.3.4\jbr\bin\server\jvm.dll
0x00007ff8903e0000 - 0x00007ff890492000 	C:\WINDOWS\System32\ADVAPI32.dll
0x00007ff890c80000 - 0x00007ff890d28000 	C:\WINDOWS\System32\sechost.dll
0x00007ff88e490000 - 0x00007ff88e4b8000 	C:\WINDOWS\System32\bcrypt.dll
0x00007ff88f020000 - 0x00007ff88f135000 	C:\WINDOWS\System32\RPCRT4.dll
0x00007ff88cf00000 - 0x00007ff88cf4d000 	C:\WINDOWS\SYSTEM32\POWRPROF.dll
0x00007ff86b6e0000 - 0x00007ff86b6e9000 	C:\WINDOWS\SYSTEM32\WSOCK32.dll
0x00007ff890360000 - 0x00007ff8903d1000 	C:\WINDOWS\System32\WS2_32.dll
0x00007ff887510000 - 0x00007ff887544000 	C:\WINDOWS\SYSTEM32\WINMM.dll
0x00007ff887440000 - 0x00007ff88744a000 	C:\WINDOWS\SYSTEM32\VERSION.dll
0x00007ff88cee0000 - 0x00007ff88cef3000 	C:\WINDOWS\SYSTEM32\UMPDC.dll
0x00007ff88d1a0000 - 0x00007ff88d1b8000 	C:\WINDOWS\SYSTEM32\kernel.appcore.dll
0x00007ff888700000 - 0x00007ff88870a000 	C:\Program Files\JetBrains\IntelliJ IDEA 2023.3.4\jbr\bin\jimage.dll
0x00007ff88bbe0000 - 0x00007ff88be13000 	C:\WINDOWS\SYSTEM32\DBGHELP.DLL
0x00007ff88eac0000 - 0x00007ff88ee48000 	C:\WINDOWS\System32\combase.dll
0x00007ff8908e0000 - 0x00007ff8909b7000 	C:\WINDOWS\System32\OLEAUT32.dll
0x00007ff8837b0000 - 0x00007ff8837e2000 	C:\WINDOWS\SYSTEM32\dbgcore.DLL
0x00007ff88e0b0000 - 0x00007ff88e12a000 	C:\WINDOWS\System32\bcryptPrimitives.dll
0x00007ff85b7f0000 - 0x00007ff85b815000 	C:\Program Files\JetBrains\IntelliJ IDEA 2023.3.4\jbr\bin\java.dll

dbghelp: loaded successfully - version: 4.0.5 - missing functions: none
symbol engine: initialized successfully - sym options: 0x614 - pdb path: .;C:\Program Files\JetBrains\IntelliJ IDEA 2023.3.4\jbr\bin;C:\WINDOWS\SYSTEM32;C:\WINDOWS\WinSxS\amd64_microsoft.windows.common-controls_6595b64144ccf1df_6.0.22621.3235_none_270f74e173860f98;C:\Program Files\JetBrains\IntelliJ IDEA 2023.3.4\jbr\bin\server

VM Arguments:
java_command: git4idea.http.GitAskPassApp Username for 'https://github.com': 
java_class_path (initial): C:/Program Files/JetBrains/IntelliJ IDEA 2023.3.4/plugins/vcs-git/lib/git4idea-rt.jar;C:/Program Files/JetBrains/IntelliJ IDEA 2023.3.4/lib/externalProcess-rt.jar
Launcher Type: SUN_STANDARD

[Global flags]
     intx CICompilerCount                          = 4                                         {product} {ergonomic}
     uint ConcGCThreads                            = 2                                         {product} {ergonomic}
     uint G1ConcRefinementThreads                  = 8                                         {product} {ergonomic}
   size_t G1HeapRegionSize                         = 2097152                                   {product} {ergonomic}
    uintx GCDrainStackTargetSize                   = 64                                        {product} {ergonomic}
   size_t InitialHeapSize                          = 266338304                                 {product} {ergonomic}
   size_t MarkStackSize                            = 4194304                                   {product} {ergonomic}
   size_t MaxHeapSize                              = 4255121408                                {product} {ergonomic}
   size_t MinHeapDeltaBytes                        = 2097152                                   {product} {ergonomic}
   size_t MinHeapSize                              = 8388608                                   {product} {ergonomic}
    uintx NonNMethodCodeHeapSize                   = 5839372                                {pd product} {ergonomic}
    uintx NonProfiledCodeHeapSize                  = 122909434                              {pd product} {ergonomic}
    uintx ProfiledCodeHeapSize                     = 122909434                              {pd product} {ergonomic}
    uintx ReservedCodeCacheSize                    = 251658240                              {pd product} {ergonomic}
     bool SegmentedCodeCache                       = true                                      {product} {ergonomic}
   size_t SoftMaxHeapSize                          = 4255121408                             {manageable} {ergonomic}
     bool UseCompressedClassPointers               = true                           {product lp64_product} {ergonomic}
     bool UseCompressedOops                        = true                           {product lp64_product} {ergonomic}
     bool UseG1GC                                  = true                                      {product} {ergonomic}
     bool UseLargePagesIndividualAllocation        = false                                  {pd product} {ergonomic}

Logging:
Log output configuration:
 #0: stdout all=warning uptime,level,tags
 #1: stderr all=off uptime,level,tags

Environment Variables:
JAVA_HOME=C:\Program Files\Java\jdk1.8.0_45
PATH=C:\Program Files\Git\mingw64\libexec\git-core;C:\Program Files\Git\mingw64\libexec\git-core;C:\Program Files\Git\mingw64\bin;C:\Program Files\Git\usr\bin;C:\Users\TRUNG KIET\bin;D:\oracle_21\21c\db_home\bin;C:\ProgramData\Oracle\Java\javapath;C:\oracle;C:\Program Files\Common Files\Oracle\Java\javapath;C:\WINDOWS\system32;C:\WINDOWS;C:\WINDOWS\System32\Wbem;C:\WINDOWS\System32\WindowsPowerShell\v1.0;C:\WINDOWS\System32\OpenSSH;C:\Program Files\dotnet;C:\Program Files\Kubernetes\Minikube;D:\PRIVATE\apache-maven-3.6.3\bin;C:\Program Files\Java\jdk1.8.0_45\bin;C:\Program Files\Git\cmd;C:\Program Files\Docker\Docker\resources\bin;C:\Program Files\Amazon\AWSCLIV2;C:\Program Files\nodejs;C:\Users\TRUNG KIET\AppData\Local\Microsoft\WindowsApps;C:\Program Files\JetBrains\IntelliJ IDEA Community Edition 2023.2.4\bin;C:\Program Files\JetBrains\IntelliJ IDEA 2023.2.4\bin;C:\Program Files\nodejs;D:\invoice-service\apache-maven-3.6.3\bin;D:\VNPT\admin-service\src\main\resources\invoice-jwt.jks;C:\Users\TRUNG KIET\AppData\Local\Programs\Microsoft VS Code\bin;C:\xampp\mysql\bin;C:\Users\TRUNG KIET\AppData\Roaming\npm;C:\Program Files\SDCC\bin
USERNAME=TRUNG KIET
DISPLAY=:0.0
LC_ALL=en_US.UTF-8
TERM=xterm-256color
TMPDIR=C:\Users\TRUNGK~1\AppData\Local\Temp
OS=Windows_NT
PROCESSOR_IDENTIFIER=Intel64 Family 6 Model 142 Stepping 12, GenuineIntel
TMP=C:\Users\TRUNGK~1\AppData\Local\Temp
TEMP=C:\Users\TRUNGK~1\AppData\Local\Temp



Periodic native trim disabled

JNI global refs:
JNI global refs: 0, weak refs: 0

JNI global refs memory usage: 0, weak refs: 0

OOME stack traces (most recent first):
Classloader memory used:


---------------  S Y S T E M  ---------------

OS:
 Windows 11 , 64 bit Build 22621 (10.0.22621.3235)
OS uptime: 0 days 2:48 hours
Hyper-V role detected

CPU: total 8 (initial active 8) (4 cores per cpu, 2 threads per core) family 6 model 142 stepping 12 microcode 0xf8, cx8, cmov, fxsr, ht, mmx, 3dnowpref, sse, sse2, sse3, ssse3, sse4.1, sse4.2, popcnt, lzcnt, tsc, tscinvbit, avx, avx2, aes, erms, clmul, bmi1, bmi2, adx, fma, vzeroupper, clflush, clflushopt, hv
Processor Information for all 8 processors :
  Max Mhz: 2112, Current Mhz: 1609, Mhz Limit: 1605

Memory: 4k page, system-wide physical 16231M (1019M free)
TotalPageFile size 30793M (AvailPageFile size 3M)
current process WorkingSet (physical memory assigned to process): 11M, peak: 11M
current process commit charge ("private bytes"): 58M, peak: 59M

vm_info: OpenJDK 64-Bit Server VM (17.0.10+1-b1087.17) for windows-amd64 JRE (17.0.10+1-b1087.17), built on 2024-01-19 by "builduser" with MS VC++ 16.10 / 16.11 (VS2019)

END.
