#
# There is insufficient memory for the Java Runtime Environment to continue.
# Native memory allocation (mmap) failed to map 266338304 bytes for G1 virtual space
# Possible reasons:
#   The system is out of physical RAM or swap space
#   The process is running with CompressedOops enabled, and the Java Heap may be blocking the growth of the native heap
# Possible solutions:
#   Reduce memory load on the system
#   Increase physical memory or swap space
#   Check if swap backing store is full
#   Decrease Java heap size (-Xmx/-Xms)
#   Decrease number of Java threads
#   Decrease Java thread stack sizes (-Xss)
#   Set larger code cache with -XX:ReservedCodeCacheSize=
#   JVM is running with Zero Based Compressed Oops mode in which the Java heap is
#     placed in the first 32GB address space. The Java Heap base address is the
#     maximum limit for the native heap growth. Please use -XX:HeapBaseMinAddress
#     to set the Java Heap base and to place the Java Heap above 32GB virtual address.
# This output file may be truncated or incomplete.
#
#  Out of Memory Error (os_windows.cpp:3825), pid=19620, tid=15884
#
# JRE version:  (17.0.10+1) (build )
# Java VM: OpenJDK 64-Bit Server VM (17.0.10+1-b1087.17, mixed mode, sharing, tiered, compressed oops, compressed class ptrs, g1 gc, windows-amd64)
# No core dump will be written. Minidumps are not enabled by default on client versions of Windows
#

---------------  S U M M A R Y ------------

Command Line: git4idea.http.GitAskPassApp Username for 'https://github.com': 

Host: Intel(R) Core(TM) i5-10210U CPU @ 1.60GHz, 8 cores, 15G,  Windows 11 , 64 bit Build 22621 (10.0.22621.3235)
Time: Wed Apr 24 16:36:17 2024 SE Asia Standard Time elapsed time: 0.039470 seconds (0d 0h 0m 0s)

---------------  T H R E A D  ---------------

Current thread (0x000001ef0558ea20):  JavaThread "Unknown thread" [_thread_in_vm, id=15884, stack(0x000000bd55500000,0x000000bd55600000)]

Stack: [0x000000bd55500000,0x000000bd55600000]
Native frames: (J=compiled Java code, j=interpreted, Vv=VM code, C=native code)
V  [jvm.dll+0x688ac9]
V  [jvm.dll+0x84220a]
V  [jvm.dll+0x843e4e]
V  [jvm.dll+0x8444b3]
V  [jvm.dll+0x24ba8f]
V  [jvm.dll+0x685899]
V  [jvm.dll+0x67a14a]
V  [jvm.dll+0x30c7eb]
V  [jvm.dll+0x313c96]
V  [jvm.dll+0x363a2e]
V  [jvm.dll+0x363c5f]
V  [jvm.dll+0x2e25b8]
V  [jvm.dll+0x2e3524]
V  [jvm.dll+0x812d71]
V  [jvm.dll+0x3718e1]
V  [jvm.dll+0x7f18d6]
V  [jvm.dll+0x3f553f]
V  [jvm.dll+0x3f7171]
C  [jli.dll+0x528f]
C  [ucrtbase.dll+0x29363]
C  [KERNEL32.DLL+0x1257d]
C  [ntdll.dll+0x5aa58]


---------------  P R O C E S S  ---------------

Threads class SMR info:
_java_thread_list=0x00007fff15e1ef58, length=0, elements={
}

Java Threads: ( => current thread )

Other Threads:
  0x000001ef055f7730 GCTaskThread "GC Thread#0" [stack: 0x000000bd55600000,0x000000bd55700000] [id=9244]
  0x000001ef05608a20 ConcurrentGCThread "G1 Main Marker" [stack: 0x000000bd55700000,0x000000bd55800000] [id=18320]
  0x000001ef05609440 ConcurrentGCThread "G1 Conc#0" [stack: 0x000000bd55800000,0x000000bd55900000] [id=1844]

[error occurred during error reporting (printing all threads), id 0xc0000005, EXCEPTION_ACCESS_VIOLATION (0xc0000005) at pc=0x00007fff155d3187]

VM state: not at safepoint (not fully initialized)

VM Mutex/Monitor currently owned by a thread:  ([mutex/lock_event])
[0x000001ef0558ca70] Heap_lock - owner thread: 0x000001ef0558ea20

Heap address: 0x0000000702600000, size: 4058 MB, Compressed Oops mode: Zero based, Oop shift amount: 3

CDS archive(s) mapped at: [0x0000000000000000-0x0000000000000000-0x0000000000000000), size 0, SharedBaseAddress: 0x0000000800000000, ArchiveRelocationMode: 1.
Narrow klass base: 0x0000000000000000, Narrow klass shift: 0, Narrow klass range: 0x0

GC Precious Log:
<Empty>

Heap:
 garbage-first heap   total 0K, used 0K [0x0000000702600000, 0x0000000800000000)
  region size 2048K, 0 young (0K), 0 survivors (0K)
 Metaspace       used 0K, committed 0K, reserved 0K
  class space    used 0K, committed 0K, reserved 0K

Heap Regions: E=young(eden), S=young(survivor), O=old, HS=humongous(starts), HC=humongous(continues), CS=collection set, F=free, OA=open archive, CA=closed archive, TAMS=top-at-mark-start (previous, next)

Card table byte_map: [0x000001ef18820000,0x000001ef19010000] _byte_map_base: 0x000001ef1500d000

Marking Bits (Prev, Next): (CMBitMap*) 0x000001ef055f7d50, (CMBitMap*) 0x000001ef055f7d90
 Prev Bits: [0x000001ef19800000, 0x000001ef1d768000)
 Next Bits: [0x000001ef1d770000, 0x000001ef216d8000)

GC Heap History (0 events):
No events

Dll operation events (1 events):
Event: 0.036 Loaded shared library C:\Program Files\JetBrains\IntelliJ IDEA 2023.3.4\jbr\bin\java.dll

Deoptimization events (0 events):
No events

Classes unloaded (0 events):
No events

Classes redefined (0 events):
No events

Internal exceptions (0 events):
No events

VM Operations (0 events):
No events

Events (0 events):
No events


Dynamic libraries:
0x00007ff6af580000 - 0x00007ff6af58a000 	C:\Program Files\JetBrains\IntelliJ IDEA 2023.3.4\jbr\bin\java.exe
0x00007fffbae70000 - 0x00007fffbb086000 	C:\WINDOWS\SYSTEM32\ntdll.dll
0x00007fffb9150000 - 0x00007fffb9214000 	C:\WINDOWS\System32\KERNEL32.DLL
0x00007fffb8270000 - 0x00007fffb8616000 	C:\WINDOWS\System32\KERNELBASE.dll
0x00007fffb8aa0000 - 0x00007fffb8bb1000 	C:\WINDOWS\System32\ucrtbase.dll
0x00007fff49280000 - 0x00007fff49297000 	C:\Program Files\JetBrains\IntelliJ IDEA 2023.3.4\jbr\bin\jli.dll
0x00007fff8e530000 - 0x00007fff8e54b000 	C:\Program Files\JetBrains\IntelliJ IDEA 2023.3.4\jbr\bin\VCRUNTIME140.dll
0x00007fffb9700000 - 0x00007fffb98ad000 	C:\WINDOWS\System32\USER32.dll
0x00007fffb8960000 - 0x00007fffb8986000 	C:\WINDOWS\System32\win32u.dll
0x00007fffb9120000 - 0x00007fffb9149000 	C:\WINDOWS\System32\GDI32.dll
0x00007fffb8620000 - 0x00007fffb8738000 	C:\WINDOWS\System32\gdi32full.dll
0x00007fffb8990000 - 0x00007fffb8a2a000 	C:\WINDOWS\System32\msvcp_win.dll
0x00007fff95cc0000 - 0x00007fff95f53000 	C:\WINDOWS\WinSxS\amd64_microsoft.windows.common-controls_6595b64144ccf1df_6.0.22621.3235_none_270f74e173860f98\COMCTL32.dll
0x00007fffb9070000 - 0x00007fffb9117000 	C:\WINDOWS\System32\msvcrt.dll
0x00007fffb9cf0000 - 0x00007fffb9d21000 	C:\WINDOWS\System32\IMM32.DLL
0x00007fffad420000 - 0x00007fffad42c000 	C:\Program Files\JetBrains\IntelliJ IDEA 2023.3.4\jbr\bin\vcruntime140_1.dll
0x00007fff6d390000 - 0x00007fff6d41d000 	C:\Program Files\JetBrains\IntelliJ IDEA 2023.3.4\jbr\bin\msvcp140.dll
0x00007fff152e0000 - 0x00007fff15f63000 	C:\Program Files\JetBrains\IntelliJ IDEA 2023.3.4\jbr\bin\server\jvm.dll
0x00007fffb9640000 - 0x00007fffb96f2000 	C:\WINDOWS\System32\ADVAPI32.dll
0x00007fffba5f0000 - 0x00007fffba698000 	C:\WINDOWS\System32\sechost.dll
0x00007fffb8930000 - 0x00007fffb8958000 	C:\WINDOWS\System32\bcrypt.dll
0x00007fffb9520000 - 0x00007fffb9635000 	C:\WINDOWS\System32\RPCRT4.dll
0x00007fffb7000000 - 0x00007fffb704d000 	C:\WINDOWS\SYSTEM32\POWRPROF.dll
0x00007fffacd40000 - 0x00007fffacd4a000 	C:\WINDOWS\SYSTEM32\VERSION.dll
0x00007fff93ac0000 - 0x00007fff93ac9000 	C:\WINDOWS\SYSTEM32\WSOCK32.dll
0x00007fffbac50000 - 0x00007fffbacc1000 	C:\WINDOWS\System32\WS2_32.dll
0x00007fffb08f0000 - 0x00007fffb0924000 	C:\WINDOWS\SYSTEM32\WINMM.dll
0x00007fffb6fe0000 - 0x00007fffb6ff3000 	C:\WINDOWS\SYSTEM32\UMPDC.dll
0x00007fffb72a0000 - 0x00007fffb72b8000 	C:\WINDOWS\SYSTEM32\kernel.appcore.dll
0x00007fff91640000 - 0x00007fff9164a000 	C:\Program Files\JetBrains\IntelliJ IDEA 2023.3.4\jbr\bin\jimage.dll
0x00007fffb5ce0000 - 0x00007fffb5f13000 	C:\WINDOWS\SYSTEM32\DBGHELP.DLL
0x00007fffb8bf0000 - 0x00007fffb8f78000 	C:\WINDOWS\System32\combase.dll
0x00007fffb98b0000 - 0x00007fffb9987000 	C:\WINDOWS\System32\OLEAUT32.dll
0x00007fffa6a70000 - 0x00007fffa6aa2000 	C:\WINDOWS\SYSTEM32\dbgcore.DLL
0x00007fffb88b0000 - 0x00007fffb892a000 	C:\WINDOWS\System32\bcryptPrimitives.dll
0x00007fff5cc70000 - 0x00007fff5cc95000 	C:\Program Files\JetBrains\IntelliJ IDEA 2023.3.4\jbr\bin\java.dll

dbghelp: loaded successfully - version: 4.0.5 - missing functions: none
symbol engine: initialized successfully - sym options: 0x614 - pdb path: .;C:\Program Files\JetBrains\IntelliJ IDEA 2023.3.4\jbr\bin;C:\WINDOWS\SYSTEM32;C:\WINDOWS\WinSxS\amd64_microsoft.windows.common-controls_6595b64144ccf1df_6.0.22621.3235_none_270f74e173860f98;C:\Program Files\JetBrains\IntelliJ IDEA 2023.3.4\jbr\bin\server

VM Arguments:
java_command: git4idea.http.GitAskPassApp Username for 'https://github.com': 
java_class_path (initial): C:/Program Files/JetBrains/IntelliJ IDEA 2023.3.4/plugins/vcs-git/lib/git4idea-rt.jar;C:/Program Files/JetBrains/IntelliJ IDEA 2023.3.4/lib/externalProcess-rt.jar
Launcher Type: SUN_STANDARD

[Global flags]
     intx CICompilerCount                          = 4                                         {product} {ergonomic}
     uint ConcGCThreads                            = 2                                         {product} {ergonomic}
     uint G1ConcRefinementThreads                  = 8                                         {product} {ergonomic}
   size_t G1HeapRegionSize                         = 2097152                                   {product} {ergonomic}
    uintx GCDrainStackTargetSize                   = 64                                        {product} {ergonomic}
   size_t InitialHeapSize                          = 266338304                                 {product} {ergonomic}
   size_t MarkStackSize                            = 4194304                                   {product} {ergonomic}
   size_t MaxHeapSize                              = 4255121408                                {product} {ergonomic}
   size_t MinHeapDeltaBytes                        = 2097152                                   {product} {ergonomic}
   size_t MinHeapSize                              = 8388608                                   {product} {ergonomic}
    uintx NonNMethodCodeHeapSize                   = 5839372                                {pd product} {ergonomic}
    uintx NonProfiledCodeHeapSize                  = 122909434                              {pd product} {ergonomic}
    uintx ProfiledCodeHeapSize                     = 122909434                              {pd product} {ergonomic}
    uintx ReservedCodeCacheSize                    = 251658240                              {pd product} {ergonomic}
     bool SegmentedCodeCache                       = true                                      {product} {ergonomic}
   size_t SoftMaxHeapSize                          = 4255121408                             {manageable} {ergonomic}
     bool UseCompressedClassPointers               = true                           {product lp64_product} {ergonomic}
     bool UseCompressedOops                        = true                           {product lp64_product} {ergonomic}
     bool UseG1GC                                  = true                                      {product} {ergonomic}
     bool UseLargePagesIndividualAllocation        = false                                  {pd product} {ergonomic}

Logging:
Log output configuration:
 #0: stdout all=warning uptime,level,tags
 #1: stderr all=off uptime,level,tags

Environment Variables:
JAVA_HOME=C:\Program Files\Java\jdk1.8.0_45
PATH=C:\Program Files\Git\mingw64\libexec\git-core;C:\Program Files\Git\mingw64\libexec\git-core;C:\Program Files\Git\mingw64\bin;C:\Program Files\Git\usr\bin;C:\Users\TRUNG KIET\bin;D:\oracle_21\21c\db_home\bin;C:\ProgramData\Oracle\Java\javapath;C:\oracle;C:\Program Files\Common Files\Oracle\Java\javapath;C:\WINDOWS\system32;C:\WINDOWS;C:\WINDOWS\System32\Wbem;C:\WINDOWS\System32\WindowsPowerShell\v1.0;C:\WINDOWS\System32\OpenSSH;C:\Program Files\dotnet;C:\Program Files\Kubernetes\Minikube;D:\PRIVATE\apache-maven-3.6.3\bin;C:\Program Files\Java\jdk1.8.0_45\bin;C:\Program Files\Git\cmd;C:\Program Files\Docker\Docker\resources\bin;C:\Program Files\Amazon\AWSCLIV2;C:\Program Files\nodejs;C:\Users\TRUNG KIET\AppData\Local\Microsoft\WindowsApps;C:\Program Files\JetBrains\IntelliJ IDEA Community Edition 2023.2.4\bin;C:\Program Files\JetBrains\IntelliJ IDEA 2023.2.4\bin;C:\Program Files\nodejs;D:\invoice-service\apache-maven-3.6.3\bin;D:\VNPT\admin-service\src\main\resources\invoice-jwt.jks;C:\Users\TRUNG KIET\AppData\Local\Programs\Microsoft VS Code\bin;C:\xampp\mysql\bin;C:\Users\TRUNG KIET\AppData\Roaming\npm;C:\Program Files\SDCC\bin
USERNAME=TRUNG KIET
DISPLAY=:0.0
LC_ALL=en_US.UTF-8
TERM=xterm-256color
TMPDIR=C:\Users\TRUNGK~1\AppData\Local\Temp
OS=Windows_NT
PROCESSOR_IDENTIFIER=Intel64 Family 6 Model 142 Stepping 12, GenuineIntel
TMP=C:\Users\TRUNGK~1\AppData\Local\Temp
TEMP=C:\Users\TRUNGK~1\AppData\Local\Temp



Periodic native trim disabled

JNI global refs:
JNI global refs: 0, weak refs: 0

JNI global refs memory usage: 0, weak refs: 0

OOME stack traces (most recent first):
Classloader memory used:


---------------  S Y S T E M  ---------------

OS:
 Windows 11 , 64 bit Build 22621 (10.0.22621.3235)
OS uptime: 0 days 8:43 hours
Hyper-V role detected

CPU: total 8 (initial active 8) (4 cores per cpu, 2 threads per core) family 6 model 142 stepping 12 microcode 0xf8, cx8, cmov, fxsr, ht, mmx, 3dnowpref, sse, sse2, sse3, ssse3, sse4.1, sse4.2, popcnt, lzcnt, tsc, tscinvbit, avx, avx2, aes, erms, clmul, bmi1, bmi2, adx, fma, vzeroupper, clflush, clflushopt, hv
Processor Information for all 8 processors :
  Max Mhz: 2112, Current Mhz: 1609, Mhz Limit: 1605

Memory: 4k page, system-wide physical 16231M (1462M free)
TotalPageFile size 29981M (AvailPageFile size 81M)
current process WorkingSet (physical memory assigned to process): 11M, peak: 11M
current process commit charge ("private bytes"): 60M, peak: 314M

vm_info: OpenJDK 64-Bit Server VM (17.0.10+1-b1087.17) for windows-amd64 JRE (17.0.10+1-b1087.17), built on 2024-01-19 by "builduser" with MS VC++ 16.10 / 16.11 (VS2019)

END.
