#
# A fatal error has been detected by the Java Runtime Environment:
#
#  EXCEPTION_STACK_OVERFLOW (0xc00000fd) at pc=0x00007fffb73ca633, pid=17052, tid=6204
#
# JRE version: OpenJDK Runtime Environment Corretto-17.0.9.8.1 (17.0.9+8) (build 17.0.9+8-LTS)
# Java VM: OpenJDK 64-Bit Server VM Corretto-17.0.9.8.1 (17.0.9+8-LTS, mixed mode, emulated-client, sharing, tiered, compressed oops, compressed class ptrs, g1 gc, windows-amd64)
# Problematic frame:
# V  [jvm.dll+0x38a633]
#
# No core dump will be written. Minidumps are not enabled by default on client versions of Windows
#
# If you would like to submit a bug report, please visit:
#   https://github.com/corretto/corretto-17/issues/
#

---------------  S U M M A R Y ------------

Command Line: -XX:TieredStopAtLevel=1 -Dspring.output.ansi.enabled=always -Dcom.sun.management.jmxremote -Dspring.jmx.enabled=true -Dspring.liveBeansView.mbeanDomain -Dspring.application.admin.enabled=true -Dmanagement.endpoints.jmx.exposure.include=* -javaagent:D:\IntelliJ IDEA 2024.1.1\lib\idea_rt.jar=2715:D:\IntelliJ IDEA 2024.1.1\bin -Dfile.encoding=UTF-8 com.web.QuanlynhatroApplication

Host: Intel(R) Core(TM) i5-10210U CPU @ 1.60GHz, 8 cores, 15G,  Windows 11 , 64 bit Build 22621 (10.0.22621.3235)
Time: Sat May 18 21:01:36 2024 SE Asia Standard Time elapsed time: 2.218525 seconds (0d 0h 0m 2s)

---------------  T H R E A D  ---------------

Current thread (0x0000023918aaf0f0):  JavaThread "JMX server connection timeout 23" daemon [_thread_in_vm, id=6204, stack(0x0000008718b00000,0x0000008718c00000)]

Stack: [0x0000008718b00000,0x0000008718c00000],  sp=0x0000008718bffa30,  free space=1022k
Native frames: (J=compiled Java code, j=interpreted, Vv=VM code, C=native code)
V  [jvm.dll+0x38a633]
V  [jvm.dll+0x67ca62]
V  [jvm.dll+0x38b28b]
V  [jvm.dll+0x38b517]
V  [jvm.dll+0x411e11]
V  [jvm.dll+0x7e95a7]
V  [jvm.dll+0x7e396a]
